2012-01-27 22:28:20 Error: [MissingControllerException] Controller class AccountController could not be found.
#0 /home/takayuki/public_html/account/app/webroot/index.php(96): Dispatcher->dispatch(Object(CakeRequest), Object(CakeResponse))
#1 {main}
2012-01-27 22:28:26 Error: [MissingTableException] Database table accounts for model Account was not found.
#0 /home/takayuki/public_html/account/lib/Cake/Model/Model.php(3258): Model->setSource('accounts')
#1 /home/takayuki/public_html/account/lib/Cake/Model/Model.php(2483): Model->getDataSource()
#2 /home/takayuki/public_html/account/app/Controller/AccountsController.php(7): Model->find('all')
#3 [internal function]: AccountsController->index()
#4 /home/takayuki/public_html/account/lib/Cake/Controller/Controller.php(473): ReflectionMethod->invokeArgs(Object(AccountsController), Array)
#5 /home/takayuki/public_html/account/lib/Cake/Routing/Dispatcher.php(104): Controller->invokeAction(Object(CakeRequest))
#6 /home/takayuki/public_html/account/lib/Cake/Routing/Dispatcher.php(86): Dispatcher->_invoke(Object(AccountsController), Object(CakeRequest), Object(CakeResponse))
#7 /home/takayuki/public_html/account/app/webroot/index.php(96): Dispatcher->dispatch(Object(CakeRequest), Object(CakeResponse))
#8 {main}
2012-01-27 22:41:31 Error: [MissingControllerException] Controller class AccountskindsController could not be found.
#0 /home/takayuki/public_html/account/app/webroot/index.php(96): Dispatcher->dispatch(Object(CakeRequest), Object(CakeResponse))
#1 {main}
2012-01-27 22:41:36 Error: [MissingActionException] Action AccountsController::kinds() could not be found.
#0 /home/takayuki/public_html/account/lib/Cake/Routing/Dispatcher.php(104): Controller->invokeAction(Object(CakeRequest))
#1 /home/takayuki/public_html/account/lib/Cake/Routing/Dispatcher.php(86): Dispatcher->_invoke(Object(AccountsController), Object(CakeRequest), Object(CakeResponse))
#2 /home/takayuki/public_html/account/app/webroot/index.php(96): Dispatcher->dispatch(Object(CakeRequest), Object(CakeResponse))
#3 {main}
2012-01-27 22:41:44 Error: [MissingControllerException] Controller class KindsController could not be found.
#0 /home/takayuki/public_html/account/app/webroot/index.php(96): Dispatcher->dispatch(Object(CakeRequest), Object(CakeResponse))
#1 {main}
2012-01-27 22:54:00 Error: [MissingViewException] View file "/home/takayuki/public_html/account/app/View/Kinds/add.ctp" is missing.
#0 /home/takayuki/public_html/account/lib/Cake/View/View.php(360): View->_getViewFileName(NULL)
#1 /home/takayuki/public_html/account/lib/Cake/Controller/Controller.php(900): View->render(NULL, NULL)
#2 /home/takayuki/public_html/account/lib/Cake/Routing/Dispatcher.php(111): Controller->render()
#3 /home/takayuki/public_html/account/lib/Cake/Routing/Dispatcher.php(86): Dispatcher->_invoke(Object(KindsController), Object(CakeRequest), Object(CakeResponse))
#4 /home/takayuki/public_html/account/app/webroot/index.php(96): Dispatcher->dispatch(Object(CakeRequest), Object(CakeResponse))
#5 {main}
2012-01-27 22:58:04 Error: [PDOException] SQLSTATE[23000]: Integrity constraint violation: 1048 Column 'code' cannot be null
#0 /home/takayuki/public_html/account/lib/Cake/Model/Datasource/DboSource.php(436): PDOStatement->execute(Array)
#1 /home/takayuki/public_html/account/lib/Cake/Model/Datasource/DboSource.php(403): DboSource->_execute('INSERT INTO `ki...', Array)
#2 /home/takayuki/public_html/account/lib/Cake/Model/Datasource/DboSource.php(967): DboSource->execute('INSERT INTO `ki...')
#3 /home/takayuki/public_html/account/lib/Cake/Model/Model.php(1646): DboSource->create(Object(Kind), Array, Array)
#4 /home/takayuki/public_html/account/app/Controller/KindsController.php(13): Model->save(Array)
#5 [internal function]: KindsController->add()
#6 /home/takayuki/public_html/account/lib/Cake/Controller/Controller.php(473): ReflectionMethod->invokeArgs(Object(KindsController), Array)
#7 /home/takayuki/public_html/account/lib/Cake/Routing/Dispatcher.php(104): Controller->invokeAction(Object(CakeRequest))
#8 /home/takayuki/public_html/account/lib/Cake/Routing/Dispatcher.php(86): Dispatcher->_invoke(Object(KindsController), Object(CakeRequest), Object(CakeResponse))
#9 /home/takayuki/public_html/account/app/webroot/index.php(96): Dispatcher->dispatch(Object(CakeRequest), Object(CakeResponse))
#10 {main}
2012-01-27 23:17:14 Error: [MissingActionException] Action KindsController::edit() could not be found.
#0 /home/takayuki/public_html/account/lib/Cake/Routing/Dispatcher.php(104): Controller->invokeAction(Object(CakeRequest))
#1 /home/takayuki/public_html/account/lib/Cake/Routing/Dispatcher.php(86): Dispatcher->_invoke(Object(KindsController), Object(CakeRequest), Object(CakeResponse))
#2 /home/takayuki/public_html/account/app/webroot/index.php(96): Dispatcher->dispatch(Object(CakeRequest), Object(CakeResponse))
#3 {main}
2012-01-27 23:22:29 Error: [PDOException] SQLSTATE[42S22]: Column not found: 1054 Unknown column 'Kind.id' in 'where clause'
#0 /home/takayuki/public_html/account/lib/Cake/Model/Datasource/DboSource.php(436): PDOStatement->execute(Array)
#1 /home/takayuki/public_html/account/lib/Cake/Model/Datasource/DboSource.php(403): DboSource->_execute('SELECT `Kind`.`...', Array)
#2 /home/takayuki/public_html/account/lib/Cake/Model/Datasource/DboSource.php(647): DboSource->execute('SELECT `Kind`.`...', Array, Array)
#3 /home/takayuki/public_html/account/lib/Cake/Model/Datasource/DboSource.php(1040): DboSource->fetchAll('SELECT `Kind`.`...', false)
#4 /home/takayuki/public_html/account/lib/Cake/Model/Model.php(2483): DboSource->read(Object(Kind), Array)
#5 /home/takayuki/public_html/account/lib/Cake/Model/Model.php(1436): Model->find('first', Array)
#6 /home/takayuki/public_html/account/app/Controller/KindsController.php(26): Model->read()
#7 [internal function]: KindsController->edit('0')
#8 /home/takayuki/public_html/account/lib/Cake/Controller/Controller.php(473): ReflectionMethod->invokeArgs(Object(KindsController), Array)
#9 /home/takayuki/public_html/account/lib/Cake/Routing/Dispatcher.php(104): Controller->invokeAction(Object(CakeRequest))
#10 /home/takayuki/public_html/account/lib/Cake/Routing/Dispatcher.php(86): Dispatcher->_invoke(Object(KindsController), Object(CakeRequest), Object(CakeResponse))
#11 /home/takayuki/public_html/account/app/webroot/index.php(96): Dispatcher->dispatch(Object(CakeRequest), Object(CakeResponse))
#12 {main}
2012-01-28 11:12:13 Error: [MissingTableException] Database table ks for model className was not found.
#0 /home/takayuki/public_html/account/lib/Cake/Model/Model.php(3258): Model->setSource('ks')
#1 /home/takayuki/public_html/account/lib/Cake/Model/Datasource/DboSource.php(1026): Model->getDataSource()
#2 /home/takayuki/public_html/account/lib/Cake/Model/Model.php(2483): DboSource->read(Object(Account), Array)
#3 /home/takayuki/public_html/account/app/Controller/AccountsController.php(7): Model->find('all')
#4 [internal function]: AccountsController->index()
#5 /home/takayuki/public_html/account/lib/Cake/Controller/Controller.php(473): ReflectionMethod->invokeArgs(Object(AccountsController), Array)
#6 /home/takayuki/public_html/account/lib/Cake/Routing/Dispatcher.php(104): Controller->invokeAction(Object(CakeRequest))
#7 /home/takayuki/public_html/account/lib/Cake/Routing/Dispatcher.php(86): Dispatcher->_invoke(Object(AccountsController), Object(CakeRequest), Object(CakeResponse))
#8 /home/takayuki/public_html/account/app/webroot/index.php(96): Dispatcher->dispatch(Object(CakeRequest), Object(CakeResponse))
#9 {main}
2012-01-28 11:15:14 Error: [MissingTableException] Database table ks for model className was not found.
#0 /home/takayuki/public_html/account/lib/Cake/Model/Model.php(3258): Model->setSource('ks')
#1 /home/takayuki/public_html/account/lib/Cake/Model/Datasource/DboSource.php(1026): Model->getDataSource()
#2 /home/takayuki/public_html/account/lib/Cake/Model/Model.php(2483): DboSource->read(Object(Account), Array)
#3 /home/takayuki/public_html/account/app/Controller/AccountsController.php(7): Model->find('all')
#4 [internal function]: AccountsController->index()
#5 /home/takayuki/public_html/account/lib/Cake/Controller/Controller.php(473): ReflectionMethod->invokeArgs(Object(AccountsController), Array)
#6 /home/takayuki/public_html/account/lib/Cake/Routing/Dispatcher.php(104): Controller->invokeAction(Object(CakeRequest))
#7 /home/takayuki/public_html/account/lib/Cake/Routing/Dispatcher.php(86): Dispatcher->_invoke(Object(AccountsController), Object(CakeRequest), Object(CakeResponse))
#8 /home/takayuki/public_html/account/app/webroot/index.php(96): Dispatcher->dispatch(Object(CakeRequest), Object(CakeResponse))
#9 {main}
2012-01-28 11:16:04 Error: [MissingTableException] Database table ks for model className was not found.
#0 /home/takayuki/public_html/account/lib/Cake/Model/Model.php(3258): Model->setSource('ks')
#1 /home/takayuki/public_html/account/lib/Cake/Model/Datasource/DboSource.php(1026): Model->getDataSource()
#2 /home/takayuki/public_html/account/lib/Cake/Model/Model.php(2483): DboSource->read(Object(Account), Array)
#3 /home/takayuki/public_html/account/app/Controller/AccountsController.php(7): Model->find('all')
#4 [internal function]: AccountsController->index()
#5 /home/takayuki/public_html/account/lib/Cake/Controller/Controller.php(473): ReflectionMethod->invokeArgs(Object(AccountsController), Array)
#6 /home/takayuki/public_html/account/lib/Cake/Routing/Dispatcher.php(104): Controller->invokeAction(Object(CakeRequest))
#7 /home/takayuki/public_html/account/lib/Cake/Routing/Dispatcher.php(86): Dispatcher->_invoke(Object(AccountsController), Object(CakeRequest), Object(CakeResponse))
#8 /home/takayuki/public_html/account/app/webroot/index.php(96): Dispatcher->dispatch(Object(CakeRequest), Object(CakeResponse))
#9 {main}
2012-01-28 11:40:54 Error: [PDOException] SQLSTATE[42S22]: Column not found: 1054 Unknown column 'Account.kind_id' in 'field list'
#0 /home/takayuki/public_html/account/lib/Cake/Model/Datasource/DboSource.php(436): PDOStatement->execute(Array)
#1 /home/takayuki/public_html/account/lib/Cake/Model/Datasource/DboSource.php(403): DboSource->_execute('SELECT `Account...', Array)
#2 /home/takayuki/public_html/account/lib/Cake/Model/Datasource/DboSource.php(647): DboSource->execute('SELECT `Account...', Array, Array)
#3 /home/takayuki/public_html/account/lib/Cake/Model/Datasource/DboSource.php(1282): DboSource->fetchAll('SELECT `Account...', false)
#4 /home/takayuki/public_html/account/lib/Cake/Model/Datasource/DboSource.php(1150): DboSource->fetchAssociated(Object(Kind), 'SELECT `Account...', Array)
#5 /home/takayuki/public_html/account/lib/Cake/Model/Datasource/DboSource.php(1069): DboSource->queryAssociation(Object(Kind), Object(Account), 'hasMany', 'Account', Array, Array, true, Array, 0, Array)
#6 /home/takayuki/public_html/account/lib/Cake/Model/Model.php(2483): DboSource->read(Object(Kind), Array)
#7 /home/takayuki/public_html/account/app/Controller/AccountsController.php(8): Model->find('all')
#8 [internal function]: AccountsController->index()
#9 /home/takayuki/public_html/account/lib/Cake/Controller/Controller.php(473): ReflectionMethod->invokeArgs(Object(AccountsController), Array)
#10 /home/takayuki/public_html/account/lib/Cake/Routing/Dispatcher.php(104): Controller->invokeAction(Object(CakeRequest))
#11 /home/takayuki/public_html/account/lib/Cake/Routing/Dispatcher.php(86): Dispatcher->_invoke(Object(AccountsController), Object(CakeRequest), Object(CakeResponse))
#12 /home/takayuki/public_html/account/app/webroot/index.php(96): Dispatcher->dispatch(Object(CakeRequest), Object(CakeResponse))
#13 {main}
2012-01-28 11:51:21 Error: [PDOException] SQLSTATE[42S22]: Column not found: 1054 Unknown column 'Account.code' in 'on clause'
#0 /home/takayuki/public_html/account/lib/Cake/Model/Datasource/DboSource.php(436): PDOStatement->execute(Array)
#1 /home/takayuki/public_html/account/lib/Cake/Model/Datasource/DboSource.php(403): DboSource->_execute('SELECT `Account...', Array)
#2 /home/takayuki/public_html/account/lib/Cake/Model/Datasource/DboSource.php(647): DboSource->execute('SELECT `Account...', Array, Array)
#3 /home/takayuki/public_html/account/lib/Cake/Model/Datasource/DboSource.php(1040): DboSource->fetchAll('SELECT `Account...', false)
#4 /home/takayuki/public_html/account/lib/Cake/Model/Model.php(2483): DboSource->read(Object(Account), Array)
#5 /home/takayuki/public_html/account/app/Controller/AccountsController.php(7): Model->find('all')
#6 [internal function]: AccountsController->index()
#7 /home/takayuki/public_html/account/lib/Cake/Controller/Controller.php(473): ReflectionMethod->invokeArgs(Object(AccountsController), Array)
#8 /home/takayuki/public_html/account/lib/Cake/Routing/Dispatcher.php(104): Controller->invokeAction(Object(CakeRequest))
#9 /home/takayuki/public_html/account/lib/Cake/Routing/Dispatcher.php(86): Dispatcher->_invoke(Object(AccountsController), Object(CakeRequest), Object(CakeResponse))
#10 /home/takayuki/public_html/account/app/webroot/index.php(96): Dispatcher->dispatch(Object(CakeRequest), Object(CakeResponse))
#11 {main}
2012-01-28 12:14:34 Error: [PDOException] SQLSTATE[42S22]: Column not found: 1054 Unknown column 'Account.kind' in 'field list'
#0 /home/takayuki/public_html/account/lib/Cake/Model/Datasource/DboSource.php(436): PDOStatement->execute(Array)
#1 /home/takayuki/public_html/account/lib/Cake/Model/Datasource/DboSource.php(403): DboSource->_execute('SELECT `Account...', Array)
#2 /home/takayuki/public_html/account/lib/Cake/Model/Datasource/DboSource.php(647): DboSource->execute('SELECT `Account...', Array, Array)
#3 /home/takayuki/public_html/account/lib/Cake/Model/Datasource/DboSource.php(1282): DboSource->fetchAll('SELECT `Account...', false)
#4 /home/takayuki/public_html/account/lib/Cake/Model/Datasource/DboSource.php(1150): DboSource->fetchAssociated(Object(Kind), 'SELECT `Account...', Array)
#5 /home/takayuki/public_html/account/lib/Cake/Model/Datasource/DboSource.php(1069): DboSource->queryAssociation(Object(Kind), Object(Account), 'hasMany', 'Account', Array, Array, true, Array, 0, Array)
#6 /home/takayuki/public_html/account/lib/Cake/Model/Model.php(2483): DboSource->read(Object(Kind), Array)
#7 /home/takayuki/public_html/account/app/Controller/AccountsController.php(12): Model->find('all')
#8 [internal function]: AccountsController->add()
#9 /home/takayuki/public_html/account/lib/Cake/Controller/Controller.php(473): ReflectionMethod->invokeArgs(Object(AccountsController), Array)
#10 /home/takayuki/public_html/account/lib/Cake/Routing/Dispatcher.php(104): Controller->invokeAction(Object(CakeRequest))
#11 /home/takayuki/public_html/account/lib/Cake/Routing/Dispatcher.php(86): Dispatcher->_invoke(Object(AccountsController), Object(CakeRequest), Object(CakeResponse))
#12 /home/takayuki/public_html/account/app/webroot/index.php(96): Dispatcher->dispatch(Object(CakeRequest), Object(CakeResponse))
#13 {main}
2012-01-28 12:45:15 Error: [MissingControllerException] Controller class AccountController could not be found.
#0 /home/takayuki/public_html/account/app/webroot/index.php(96): Dispatcher->dispatch(Object(CakeRequest), Object(CakeResponse))
#1 {main}
2012-01-28 12:52:39 Error: [MissingViewException] View file "/home/takayuki/public_html/account/app/View/Calc/year.ctp" is missing.
#0 /home/takayuki/public_html/account/lib/Cake/View/View.php(360): View->_getViewFileName(NULL)
#1 /home/takayuki/public_html/account/lib/Cake/Controller/Controller.php(900): View->render(NULL, NULL)
#2 /home/takayuki/public_html/account/lib/Cake/Routing/Dispatcher.php(111): Controller->render()
#3 /home/takayuki/public_html/account/lib/Cake/Routing/Dispatcher.php(86): Dispatcher->_invoke(Object(CalcController), Object(CakeRequest), Object(CakeResponse))
#4 /home/takayuki/public_html/account/app/webroot/index.php(96): Dispatcher->dispatch(Object(CakeRequest), Object(CakeResponse))
#5 {main}
2012-01-29 08:29:36 Error: [MissingViewException] View file "/home/takayuki/public_html/account/app/View/Calc/year.ctp" is missing.
#0 /home/takayuki/public_html/account/lib/Cake/View/View.php(360): View->_getViewFileName(NULL)
#1 /home/takayuki/public_html/account/lib/Cake/Controller/Controller.php(900): View->render(NULL, NULL)
#2 /home/takayuki/public_html/account/lib/Cake/Routing/Dispatcher.php(111): Controller->render()
#3 /home/takayuki/public_html/account/lib/Cake/Routing/Dispatcher.php(86): Dispatcher->_invoke(Object(CalcController), Object(CakeRequest), Object(CakeResponse))
#4 /home/takayuki/public_html/account/app/webroot/index.php(96): Dispatcher->dispatch(Object(CakeRequest), Object(CakeResponse))
#5 {main}
2012-02-01 19:22:48 Error: [MissingActionException] Action AccountsController::edit() could not be found.
#0 /home/takayuki/public_html/account/lib/Cake/Routing/Dispatcher.php(104): Controller->invokeAction(Object(CakeRequest))
#1 /home/takayuki/public_html/account/lib/Cake/Routing/Dispatcher.php(86): Dispatcher->_invoke(Object(AccountsController), Object(CakeRequest), Object(CakeResponse))
#2 /home/takayuki/public_html/account/app/webroot/index.php(96): Dispatcher->dispatch(Object(CakeRequest), Object(CakeResponse))
#3 {main}
2012-02-01 21:09:14 Error: [MissingActionException] Action AccountsController::edit() could not be found.
#0 /home/takayuki/public_html/account/lib/Cake/Routing/Dispatcher.php(104): Controller->invokeAction(Object(CakeRequest))
#1 /home/takayuki/public_html/account/lib/Cake/Routing/Dispatcher.php(86): Dispatcher->_invoke(Object(AccountsController), Object(CakeRequest), Object(CakeResponse))
#2 /home/takayuki/public_html/account/app/webroot/index.php(96): Dispatcher->dispatch(Object(CakeRequest), Object(CakeResponse))
#3 {main}
2012-02-01 21:12:55 Error: [PDOException] SQLSTATE[42000]: Syntax error or access violation: 1064 You have an error in your SQL syntax; check the manual that corresponds to your MySQL server version for the right syntax to use near 'read8' at line 1
#0 /home/takayuki/public_html/account/lib/Cake/Model/Datasource/DboSource.php(436): PDOStatement->execute(Array)
#1 /home/takayuki/public_html/account/lib/Cake/Model/Datasource/DboSource.php(403): DboSource->_execute('read8', Array)
#2 /home/takayuki/public_html/account/lib/Cake/Model/Datasource/DboSource.php(647): DboSource->execute('read8', Array, Array)
#3 /home/takayuki/public_html/account/lib/Cake/Model/Datasource/DboSource.php(589): DboSource->fetchAll('read8', Array, Array)
#4 /home/takayuki/public_html/account/lib/Cake/Model/Model.php(720): DboSource->query('read8', Array, Object(Account))
#5 /home/takayuki/public_html/account/app/Controller/AccountsController.php(27): Model->__call('read8', Array)
#6 /home/takayuki/public_html/account/app/Controller/AccountsController.php(27): Account->read8()
#7 [internal function]: AccountsController->edit('21')
#8 /home/takayuki/public_html/account/lib/Cake/Controller/Controller.php(473): ReflectionMethod->invokeArgs(Object(AccountsController), Array)
#9 /home/takayuki/public_html/account/lib/Cake/Routing/Dispatcher.php(104): Controller->invokeAction(Object(CakeRequest))
#10 /home/takayuki/public_html/account/lib/Cake/Routing/Dispatcher.php(86): Dispatcher->_invoke(Object(AccountsController), Object(CakeRequest), Object(CakeResponse))
#11 /home/takayuki/public_html/account/app/webroot/index.php(96): Dispatcher->dispatch(Object(CakeRequest), Object(CakeResponse))
#12 {main}
2012-02-07 15:42:33 Error: [PDOException] SQLSTATE[42S22]: Column not found: 1054 Unknown column 'date' in 'order clause'
#0 /home/takayuki/public_html/account/lib/Cake/Model/Datasource/DboSource.php(436): PDOStatement->execute(Array)
#1 /home/takayuki/public_html/account/lib/Cake/Model/Datasource/DboSource.php(403): DboSource->_execute('SELECT `Kind`.`...', Array)
#2 /home/takayuki/public_html/account/lib/Cake/Model/Datasource/DboSource.php(647): DboSource->execute('SELECT `Kind`.`...', Array, Array)
#3 /home/takayuki/public_html/account/lib/Cake/Model/Datasource/DboSource.php(1040): DboSource->fetchAll('SELECT `Kind`.`...', false)
#4 /home/takayuki/public_html/account/lib/Cake/Model/Model.php(2483): DboSource->read(Object(Kind), Array)
#5 /home/takayuki/public_html/account/app/Controller/KindsController.php(44): Model->find('list', Array)
#6 [internal function]: KindsController->view('16')
#7 /home/takayuki/public_html/account/lib/Cake/Controller/Controller.php(473): ReflectionMethod->invokeArgs(Object(KindsController), Array)
#8 /home/takayuki/public_html/account/lib/Cake/Routing/Dispatcher.php(104): Controller->invokeAction(Object(CakeRequest))
#9 /home/takayuki/public_html/account/lib/Cake/Routing/Dispatcher.php(86): Dispatcher->_invoke(Object(KindsController), Object(CakeRequest), Object(CakeResponse))
#10 /home/takayuki/public_html/account/app/webroot/index.php(96): Dispatcher->dispatch(Object(CakeRequest), Object(CakeResponse))
#11 {main}
2012-02-09 20:47:34 Error: [MissingViewException] View file "/home/takayuki/public_html/account/app/View/Calc/all.ctp" is missing.
#0 /home/takayuki/public_html/account/lib/Cake/View/View.php(360): View->_getViewFileName(NULL)
#1 /home/takayuki/public_html/account/lib/Cake/Controller/Controller.php(900): View->render(NULL, NULL)
#2 /home/takayuki/public_html/account/lib/Cake/Routing/Dispatcher.php(111): Controller->render()
#3 /home/takayuki/public_html/account/lib/Cake/Routing/Dispatcher.php(86): Dispatcher->_invoke(Object(CalcController), Object(CakeRequest), Object(CakeResponse))
#4 /home/takayuki/public_html/account/app/webroot/index.php(96): Dispatcher->dispatch(Object(CakeRequest), Object(CakeResponse))
#5 {main}
2012-02-10 20:57:02 Error: [MissingActionException] Action CalcController::index() could not be found.
#0 /home/takayuki/public_html/account/lib/Cake/Routing/Dispatcher.php(104): Controller->invokeAction(Object(CakeRequest))
#1 /home/takayuki/public_html/account/lib/Cake/Routing/Dispatcher.php(86): Dispatcher->_invoke(Object(CalcController), Object(CakeRequest), Object(CakeResponse))
#2 /home/takayuki/public_html/account/app/webroot/index.php(96): Dispatcher->dispatch(Object(CakeRequest), Object(CakeResponse))
#3 {main}
2012-02-25 09:02:26 Error: [MissingControllerException] Controller class CalkController could not be found.
#0 /home/takayuki/public_html/account/app/webroot/index.php(96): Dispatcher->dispatch(Object(CakeRequest), Object(CakeResponse))
#1 {main}
2012-02-26 02:32:04 Error: [MissingActionException] Action CalcController::month() could not be found.
#0 /home/takayuki/public_html/account/lib/Cake/Routing/Dispatcher.php(104): Controller->invokeAction(Object(CakeRequest))
#1 /home/takayuki/public_html/account/lib/Cake/Routing/Dispatcher.php(86): Dispatcher->_invoke(Object(CalcController), Object(CakeRequest), Object(CakeResponse))
#2 /home/takayuki/public_html/account/app/webroot/index.php(96): Dispatcher->dispatch(Object(CakeRequest), Object(CakeResponse))
#3 {main}
<<<<<<< HEAD
2012-03-12 17:46:24 Error: [MissingActionException] Action AccountsController::calc() could not be found.
#0 /home/takayuki/public_html/account/lib/Cake/Routing/Dispatcher.php(104): Controller->invokeAction(Object(CakeRequest))
#1 /home/takayuki/public_html/account/lib/Cake/Routing/Dispatcher.php(86): Dispatcher->_invoke(Object(AccountsController), Object(CakeRequest), Object(CakeResponse))
#2 /home/takayuki/public_html/account/app/webroot/index.php(96): Dispatcher->dispatch(Object(CakeRequest), Object(CakeResponse))
#3 {main}
=======
2012-03-01 21:38:39 Error: [MissingViewException] View file "/home/git/account/app/View/Calc/all_cat.ctp" is missing.
#0 /home/git/account/lib/Cake/View/View.php(360): View->_getViewFileName(NULL)
#1 /home/git/account/lib/Cake/Controller/Controller.php(900): View->render(NULL, NULL)
#2 /home/git/account/lib/Cake/Routing/Dispatcher.php(111): Controller->render()
#3 /home/git/account/lib/Cake/Routing/Dispatcher.php(86): Dispatcher->_invoke(Object(CalcController), Object(CakeRequest), Object(CakeResponse))
#4 /home/git/account/app/webroot/index.php(96): Dispatcher->dispatch(Object(CakeRequest), Object(CakeResponse))
#5 {main}
>>>>>>> 57022068f21bee297b34a0884108158a8af2ec3f
